<?xml version="1.0" encoding="UTF-8"?>
<!-- Generated by org.testng.reporters.JUnitReportReporter -->
<testsuite hostname="LP-5CG0411W3J" failures="0" tests="1" name="Groupsix.Php" time="48.695" errors="0" timestamp="2023-01-10T09:56:25 IST" skipped="0">
  <testcase classname="Groupsix.Php" name="travels" time="48.695"/>
  <system-out/>
</testsuite> <!-- Groupsix.Php -->
